<?xml version="1.0" encoding="UTF-8"?>
<!-- Generated by org.testng.reporters.JUnitXMLReporter -->
<testsuite hostname="DESKTOP-NUSE0B9" ignored="0" name="Test" tests="3" failures="0" timestamp="31 Aug 2020 04:04:35 GMT" time="24.431" errors="0">
  <testcase name="verifyLeadE2Efunctionality" time="5.341" classname="com.vtiger.tests.LeadE2E"/>
  <testcase name="validLogin" time="2.605" classname="com.vtiger.tests.LoginTest"/>
  <testcase name="verifyLoginPageContent" time="0.093" classname="com.vtiger.tests.LoginTest"/>
</testsuite> <!-- Test -->
